<?xml version="1.0" encoding="UTF-8"?>
<testng-results ignored="0" total="3" passed="3" failed="0" skipped="0">
  <reporter-output>
  </reporter-output>
  <suite started-at="2025-01-08T16:33:46 IST" name="Default suite" finished-at="2025-01-08T16:33:48 IST" duration-ms="2183">
    <groups>
    </groups>
    <test started-at="2025-01-08T16:33:46 IST" name="Default test" finished-at="2025-01-08T16:33:48 IST" duration-ms="2183">
      <class name="tests.logintest.ForgotPasswordTest">
        <test-method is-config="true" signature="startUp()[pri:0, instance:tests.logintest.ForgotPasswordTest@13518f37]" started-at="2025-01-08T16:33:41 IST" name="startUp" finished-at="2025-01-08T16:33:46 IST" duration-ms="5210" status="PASS">
          <reporter-output>
          </reporter-output>
        </test-method> <!-- startUp -->
        <test-method is-config="true" signature="doBeforeTest()[pri:0, instance:tests.logintest.ForgotPasswordTest@13518f37]" started-at="2025-01-08T16:33:46 IST" name="doBeforeTest" finished-at="2025-01-08T16:33:47 IST" duration-ms="1178" status="PASS">
          <reporter-output>
          </reporter-output>
        </test-method> <!-- doBeforeTest -->
        <test-method signature="test_ForgotPasswordDialogDisplayed()[pri:1, instance:tests.logintest.ForgotPasswordTest@13518f37]" started-at="2025-01-08T16:33:48 IST" name="test_ForgotPasswordDialogDisplayed" finished-at="2025-01-08T16:33:48 IST" duration-ms="91" status="PASS">
          <reporter-output>
          </reporter-output>
        </test-method> <!-- test_ForgotPasswordDialogDisplayed -->
        <test-method signature="test_emailValidationErrorDisplayed()[pri:2, instance:tests.logintest.ForgotPasswordTest@13518f37]" started-at="2025-01-08T16:33:48 IST" name="test_emailValidationErrorDisplayed" finished-at="2025-01-08T16:33:48 IST" duration-ms="455" status="PASS">
          <reporter-output>
          </reporter-output>
        </test-method> <!-- test_emailValidationErrorDisplayed -->
        <test-method signature="test_DialogNotDisplayed()[pri:3, instance:tests.logintest.ForgotPasswordTest@13518f37]" started-at="2025-01-08T16:33:48 IST" name="test_DialogNotDisplayed" finished-at="2025-01-08T16:33:48 IST" duration-ms="332" status="PASS">
          <reporter-output>
          </reporter-output>
        </test-method> <!-- test_DialogNotDisplayed -->
        <test-method is-config="true" signature="tearDown()[pri:0, instance:tests.logintest.ForgotPasswordTest@13518f37]" started-at="2025-01-08T16:33:49 IST" name="tearDown" finished-at="2025-01-08T16:33:49 IST" duration-ms="587" status="PASS">
          <reporter-output>
          </reporter-output>
        </test-method> <!-- tearDown -->
      </class> <!-- tests.logintest.ForgotPasswordTest -->
    </test> <!-- Default test -->
  </suite> <!-- Default suite -->
</testng-results>
